{
  "0 debug pnpm:scope": {
    "selected": 1
  },
  "1 error pnpm": {
    "code": "ELIFECYCLE",
    "errno": "ENOENT",
    "syscall": "spawn",
    "file": "sh",
    "pkgid": "lunox-app@1.4.0",
    "stage": "build",
    "script": "lunox prod",
    "pkgname": "lunox-app",
    "err": {
      "name": "pnpm",
      "message": "lunox-app@1.4.0 build: `lunox prod`\nspawn ENOENT",
      "code": "ELIFECYCLE",
      "stack": "pnpm: lunox-app@1.4.0 build: `lunox prod`\nspawn ENOENT\n    at ChildProcess.<anonymous> (/snapshot/dist/pnpm.cjs)\n    at ChildProcess.emit (events.js:376:20)\n    at maybeClose (internal/child_process.js:1055:16)\n    at Process.ChildProcess._handle.onexit (internal/child_process.js:288:5)"
    }
  }
}